mkdir -p build2/
/usr/local/cuda/bin/nvcc -DUSE_CUDA -I. -Xcompiler -fopenmp -Xcompiler -fPIC -Xcompiler -O3 -arch=sm_89 -DFEATURE_GOLDILOCKS -DEXPOSE_C_INTERFACE -DTAKE_RESPONSIBILITY_FOR_ERROR_MESSAGE lib.cu -dc -o build2/lib.cu.o
mkdir -p build1/merkle/
g++ -I. -Wall -Werror -O3 -march=native -fopenmp -fPIC -DFEATURE_GOLDILOCKS -DEXPOSE_C_INTERFACE -DTAKE_RESPONSIBILITY_FOR_ERROR_MESSAGE  -I. -Wall -Wno-error=sign-compare -std=c++11 -O3 -march=native -fopenmp -fPIC -DFEATURE_GOLDILOCKS -DEXPOSE_C_INTERFACE -DTAKE_RESPONSIBILITY_FOR_ERROR_MESSAGE -c merkle/merkle.cpp -o build1/merkle/merkle.cpp.o
mkdir -p build2/merkle/
/usr/local/cuda/bin/nvcc -DUSE_CUDA -I. -Xcompiler -fopenmp -Xcompiler -fPIC -Xcompiler -O3 -arch=sm_89 -DFEATURE_GOLDILOCKS -DEXPOSE_C_INTERFACE -DTAKE_RESPONSIBILITY_FOR_ERROR_MESSAGE merkle/merkle.cu -dc -o build2/merkle/merkle.cu.o
mkdir -p build1/poseidon/
g++ -I. -Wall -Werror -O3 -march=native -fopenmp -fPIC -DFEATURE_GOLDILOCKS -DEXPOSE_C_INTERFACE -DTAKE_RESPONSIBILITY_FOR_ERROR_MESSAGE  -I. -Wall -Wno-error=sign-compare -std=c++11 -O3 -march=native -fopenmp -fPIC -DFEATURE_GOLDILOCKS -DEXPOSE_C_INTERFACE -DTAKE_RESPONSIBILITY_FOR_ERROR_MESSAGE -c poseidon/poseidon.cpp -o build1/poseidon/poseidon.cpp.o
mkdir -p build1/keccak/
/usr/local/cuda/bin/nvcc -I. -Xcompiler -fopenmp -Xcompiler -fPIC -Xcompiler -O3 -arch=sm_89 -DFEATURE_GOLDILOCKS -DEXPOSE_C_INTERFACE -DTAKE_RESPONSIBILITY_FOR_ERROR_MESSAGE keccak/keccak.cu -dc -o build1/keccak/keccak.cu.o
mkdir -p build2/keccak/
/usr/local/cuda/bin/nvcc -DUSE_CUDA -I. -Xcompiler -fopenmp -Xcompiler -fPIC -Xcompiler -O3 -arch=sm_89 -DFEATURE_GOLDILOCKS -DEXPOSE_C_INTERFACE -DTAKE_RESPONSIBILITY_FOR_ERROR_MESSAGE keccak/keccak.cu -dc -o build2/keccak/keccak.cu.o
mkdir -p build2/poseidon/
/usr/local/cuda/bin/nvcc -DUSE_CUDA -I. -Xcompiler -fopenmp -Xcompiler -fPIC -Xcompiler -O3 -arch=sm_89 -DFEATURE_GOLDILOCKS -DEXPOSE_C_INTERFACE -DTAKE_RESPONSIBILITY_FOR_ERROR_MESSAGE poseidon/poseidon.cu -dc -o build2/poseidon/poseidon.cu.o
mkdir -p build1/poseidon/
/usr/local/cuda/bin/nvcc -I. -Xcompiler -fopenmp -Xcompiler -fPIC -Xcompiler -O3 -arch=sm_89 -DFEATURE_GOLDILOCKS -DEXPOSE_C_INTERFACE -DTAKE_RESPONSIBILITY_FOR_ERROR_MESSAGE poseidon/element_bn128.cu -dc -o build1/poseidon/element_bn128.cu.o
mkdir -p build2/poseidon/
/usr/local/cuda/bin/nvcc -DUSE_CUDA -I. -Xcompiler -fopenmp -Xcompiler -fPIC -Xcompiler -O3 -arch=sm_89 -DFEATURE_GOLDILOCKS -DEXPOSE_C_INTERFACE -DTAKE_RESPONSIBILITY_FOR_ERROR_MESSAGE poseidon/element_bn128.cu -dc -o build2/poseidon/element_bn128.cu.o
mkdir -p build1/poseidon/
/usr/local/cuda/bin/nvcc -I. -Xcompiler -fopenmp -Xcompiler -fPIC -Xcompiler -O3 -arch=sm_89 -DFEATURE_GOLDILOCKS -DEXPOSE_C_INTERFACE -DTAKE_RESPONSIBILITY_FOR_ERROR_MESSAGE poseidon/poseidon_bn128.cu -dc -o build1/poseidon/poseidon_bn128.cu.o
mkdir -p build2/poseidon/
/usr/local/cuda/bin/nvcc -DUSE_CUDA -I. -Xcompiler -fopenmp -Xcompiler -fPIC -Xcompiler -O3 -arch=sm_89 -DFEATURE_GOLDILOCKS -DEXPOSE_C_INTERFACE -DTAKE_RESPONSIBILITY_FOR_ERROR_MESSAGE poseidon/poseidon_bn128.cu -dc -o build2/poseidon/poseidon_bn128.cu.o
mkdir -p build1/poseidon2/
/usr/local/cuda/bin/nvcc -I. -Xcompiler -fopenmp -Xcompiler -fPIC -Xcompiler -O3 -arch=sm_89 -DFEATURE_GOLDILOCKS -DEXPOSE_C_INTERFACE -DTAKE_RESPONSIBILITY_FOR_ERROR_MESSAGE poseidon2/poseidon2.cu -dc -o build1/poseidon2/poseidon2.cu.o
mkdir -p build2/poseidon2/
/usr/local/cuda/bin/nvcc -DUSE_CUDA -I. -Xcompiler -fopenmp -Xcompiler -fPIC -Xcompiler -O3 -arch=sm_89 -DFEATURE_GOLDILOCKS -DEXPOSE_C_INTERFACE -DTAKE_RESPONSIBILITY_FOR_ERROR_MESSAGE poseidon2/poseidon2.cu -dc -o build2/poseidon2/poseidon2.cu.o
mkdir -p build1/monolith/
/usr/local/cuda/bin/nvcc -I. -Xcompiler -fopenmp -Xcompiler -fPIC -Xcompiler -O3 -arch=sm_89 -DFEATURE_GOLDILOCKS -DEXPOSE_C_INTERFACE -DTAKE_RESPONSIBILITY_FOR_ERROR_MESSAGE monolith/monolith.cu -dc -o build1/monolith/monolith.cu.o
mkdir -p build2/monolith/
/usr/local/cuda/bin/nvcc -DUSE_CUDA -I. -Xcompiler -fopenmp -Xcompiler -fPIC -Xcompiler -O3 -arch=sm_89 -DFEATURE_GOLDILOCKS -DEXPOSE_C_INTERFACE -DTAKE_RESPONSIBILITY_FOR_ERROR_MESSAGE monolith/monolith.cu -dc -o build2/monolith/monolith.cu.o
/usr/local/cuda/bin/nvcc -I. -Xcompiler -fopenmp -Xcompiler -fPIC -Xcompiler -O3 -arch=sm_89 -DFEATURE_GOLDILOCKS -DEXPOSE_C_INTERFACE -DTAKE_RESPONSIBILITY_FOR_ERROR_MESSAGE -dlink -o ./build2/all_gpu.o build2/lib.cu.o build1/merkle/merkle.cpp.o build2/merkle/merkle.cu.o build1/poseidon/poseidon.cpp.o build1/keccak/keccak.cu.o build2/keccak/keccak.cu.o build2/poseidon/poseidon.cu.o build1/poseidon/element_bn128.cu.o build2/poseidon/element_bn128.cu.o build1/poseidon/poseidon_bn128.cu.o build2/poseidon/poseidon_bn128.cu.o build1/poseidon2/poseidon2.cu.o build2/poseidon2/poseidon2.cu.o build1/monolith/monolith.cu.o build2/monolith/monolith.cu.o
ar cr "libcryptocuda".a ./build2/all_gpu.o build2/lib.cu.o build1/merkle/merkle.cpp.o build2/merkle/merkle.cu.o build1/poseidon/poseidon.cpp.o build1/keccak/keccak.cu.o build2/keccak/keccak.cu.o build2/poseidon/poseidon.cu.o build1/poseidon/element_bn128.cu.o build2/poseidon/element_bn128.cu.o build1/poseidon/poseidon_bn128.cu.o build2/poseidon/poseidon_bn128.cu.o build1/poseidon2/poseidon2.cu.o build2/poseidon2/poseidon2.cu.o build1/monolith/monolith.cu.o build2/monolith/monolith.cu.o
ranlib "libcryptocuda".a
